<?xml version="1.0" encoding="UTF-8"?>
<!-- Generated by org.testng.reporters.JUnitXMLReporter -->
<testsuite hostname="C02C61S0MD6T" name="dependencyTest" tests="1" failures="1" timestamp="10 Feb 2021 07:56:55 GMT" time="0.004" errors="0">
  <testcase name="testExportData" time="0.002" classname="com.TestNGTutorials.TestNGHardAssertions">
    <failure type="java.lang.AssertionError" message="serviceid wrong expected [12] but found [18]">
      <![CDATA[java.lang.AssertionError: serviceid wrong expected [12] but found [18]
	at com.TestNGTutorials.TestNGHardAssertions.testExportData(TestNGHardAssertions.java:12)
... Removed 28 stack frames]]>
    </failure>
  </testcase> <!-- testExportData -->
</testsuite> <!-- dependencyTest -->
