<?xml version="1.0" encoding="UTF-8"?>
<!-- Generated by org.testng.reporters.JUnitXMLReporter -->
<testsuite hostname="C02C61S0MD6T" name="dptest" tests="16" failures="0" timestamp="10 Feb 2021 07:56:55 GMT" time="0.05" errors="0">
  <testcase name="testMultipleLoginNames" time="0.0" classname="com.TestNGTutorials.TestNGDataProvider.test_DataProvider1"/>
  <testcase name="testMultipleLoginNames" time="0.0" classname="com.TestNGTutorials.TestNGDataProvider.test_DataProvider1"/>
  <testcase name="testStudentData" time="0.0" classname="com.TestNGTutorials.TestNGDataProvider.test_DataProvider1"/>
  <testcase name="testStudentData" time="0.001" classname="com.TestNGTutorials.TestNGDataProvider.test_DataProvider1"/>
  <testcase name="testStudentData" time="0.001" classname="com.TestNGTutorials.TestNGDataProvider.test_DataProvider1"/>
  <testcase name="testStudentRecordsFromExcel" time="0.0" classname="com.TestNGTutorials.TestNGDataProvider.test_DataProvider1">
    <skipped/>
  </testcase> <!-- testStudentRecordsFromExcel -->
  <testcase name="testStudentRecordsFromProps" time="0.0" classname="com.TestNGTutorials.TestNGDataProvider.test_DataProvider1"/>
  <testcase name="testStudentRecordsFromProps" time="0.001" classname="com.TestNGTutorials.TestNGDataProvider.test_DataProvider1"/>
  <testcase name="testStudentRecordsFromProps" time="0.001" classname="com.TestNGTutorials.TestNGDataProvider.test_DataProvider1"/>
  <testcase name="testStudentRecordsFromProps" time="0.0" classname="com.TestNGTutorials.TestNGDataProvider.test_DataProvider1"/>
  <testcase name="testStudentRecordsFromProps" time="0.0" classname="com.TestNGTutorials.TestNGDataProvider.test_DataProvider1"/>
  <testcase name="testStudentRecordsFromProps" time="0.0" classname="com.TestNGTutorials.TestNGDataProvider.test_DataProvider1"/>
  <testcase name="testStudentRecordsFromProps" time="0.0" classname="com.TestNGTutorials.TestNGDataProvider.test_DataProvider1"/>
  <testcase name="testStudentRecordsFromProps" time="0.001" classname="com.TestNGTutorials.TestNGDataProvider.test_DataProvider1"/>
  <testcase name="testStudentRecordsFromProps" time="0.001" classname="com.TestNGTutorials.TestNGDataProvider.test_DataProvider1"/>
  <testcase name="testStudentRecordsFromProps" time="0.001" classname="com.TestNGTutorials.TestNGDataProvider.test_DataProvider1"/>
</testsuite> <!-- dptest -->
