<?xml version="1.0" encoding="UTF-8"?>
<!-- Generated by org.testng.reporters.JUnitXMLReporter -->
<testsuite hostname="C02C61S0MD6T" name="Test" tests="3" failures="0" timestamp="10 Feb 2021 07:56:55 GMT" time="0.019" errors="0">
  <testcase name="testCase1" time="0.007" classname="com.TestNGTutorials.TestNg_Include_Exclude"/>
  <testcase name="testMobileCase1" time="0.001" classname="com.TestNGTutorials.TestNg_Include_Exclude"/>
  <testcase name="testMobileCase2" time="0.001" classname="com.TestNGTutorials.TestNg_Include_Exclude"/>
</testsuite> <!-- Test -->
